  jeu.c
C:\Users\aurel\Documents\GitHub\QUORIDOR\jeu.c(22,9): error C4996: 'scanf': This function or variable may be unsafe. Consider using scanf_s instead. To disable deprecation, use _CRT_SECURE_NO_WARNINGS. See online help for details.
C:\Users\aurel\Documents\GitHub\QUORIDOR\jeu.c(110,18): warning C4098: 'oldGame' : fonction 'void' retournant une valeur
C:\Users\aurel\Documents\GitHub\QUORIDOR\jeu.c(106,7): error C4996: 'fopen': This function or variable may be unsafe. Consider using fopen_s instead. To disable deprecation, use _CRT_SECURE_NO_WARNINGS. See online help for details.
C:\Users\aurel\Documents\GitHub\QUORIDOR\jeu.c(137,13): error C4996: 'fscanf': This function or variable may be unsafe. Consider using fscanf_s instead. To disable deprecation, use _CRT_SECURE_NO_WARNINGS. See online help for details.
C:\Users\aurel\Documents\GitHub\QUORIDOR\jeu.c(138,22): error C4996: 'strtok': This function or variable may be unsafe. Consider using strtok_s instead. To disable deprecation, use _CRT_SECURE_NO_WARNINGS. See online help for details.
C:\Users\aurel\Documents\GitHub\QUORIDOR\jeu.c(139,13): error C4996: 'strcpy': This function or variable may be unsafe. Consider using strcpy_s instead. To disable deprecation, use _CRT_SECURE_NO_WARNINGS. See online help for details.
C:\Users\aurel\Documents\GitHub\QUORIDOR\jeu.c(140,15): error C4996: 'strtok': This function or variable may be unsafe. Consider using strtok_s instead. To disable deprecation, use _CRT_SECURE_NO_WARNINGS. See online help for details.
C:\Users\aurel\Documents\GitHub\QUORIDOR\jeu.c(142,15): error C4996: 'strtok': This function or variable may be unsafe. Consider using strtok_s instead. To disable deprecation, use _CRT_SECURE_NO_WARNINGS. See online help for details.
C:\Users\aurel\Documents\GitHub\QUORIDOR\jeu.c(144,15): error C4996: 'strtok': This function or variable may be unsafe. Consider using strtok_s instead. To disable deprecation, use _CRT_SECURE_NO_WARNINGS. See online help for details.
C:\Users\aurel\Documents\GitHub\QUORIDOR\jeu.c(146,15): error C4996: 'strtok': This function or variable may be unsafe. Consider using strtok_s instead. To disable deprecation, use _CRT_SECURE_NO_WARNINGS. See online help for details.
C:\Users\aurel\Documents\GitHub\QUORIDOR\jeu.c(148,15): error C4996: 'strtok': This function or variable may be unsafe. Consider using strtok_s instead. To disable deprecation, use _CRT_SECURE_NO_WARNINGS. See online help for details.
C:\Users\aurel\Documents\GitHub\QUORIDOR\jeu.c(150,15): error C4996: 'strtok': This function or variable may be unsafe. Consider using strtok_s instead. To disable deprecation, use _CRT_SECURE_NO_WARNINGS. See online help for details.
C:\Users\aurel\Documents\GitHub\QUORIDOR\jeu.c(156,13): error C4996: 'fscanf': This function or variable may be unsafe. Consider using fscanf_s instead. To disable deprecation, use _CRT_SECURE_NO_WARNINGS. See online help for details.
C:\Users\aurel\Documents\GitHub\QUORIDOR\jeu.c(157,22): error C4996: 'strtok': This function or variable may be unsafe. Consider using strtok_s instead. To disable deprecation, use _CRT_SECURE_NO_WARNINGS. See online help for details.
C:\Users\aurel\Documents\GitHub\QUORIDOR\jeu.c(159,15): error C4996: 'strtok': This function or variable may be unsafe. Consider using strtok_s instead. To disable deprecation, use _CRT_SECURE_NO_WARNINGS. See online help for details.
C:\Users\aurel\Documents\GitHub\QUORIDOR\jeu.c(161,15): error C4996: 'strtok': This function or variable may be unsafe. Consider using strtok_s instead. To disable deprecation, use _CRT_SECURE_NO_WARNINGS. See online help for details.
C:\Users\aurel\Documents\GitHub\QUORIDOR\jeu.c(163,17): error C4996: 'strtok': This function or variable may be unsafe. Consider using strtok_s instead. To disable deprecation, use _CRT_SECURE_NO_WARNINGS. See online help for details.
C:\Users\aurel\Documents\GitHub\QUORIDOR\jeu.c(165,17): error C4996: 'strtok': This function or variable may be unsafe. Consider using strtok_s instead. To disable deprecation, use _CRT_SECURE_NO_WARNINGS. See online help for details.
C:\Users\aurel\Documents\GitHub\QUORIDOR\jeu.c(167,15): error C4996: 'strtok': This function or variable may be unsafe. Consider using strtok_s instead. To disable deprecation, use _CRT_SECURE_NO_WARNINGS. See online help for details.
C:\Users\aurel\Documents\GitHub\QUORIDOR\jeu.c(169,15): error C4996: 'strtok': This function or variable may be unsafe. Consider using strtok_s instead. To disable deprecation, use _CRT_SECURE_NO_WARNINGS. See online help for details.
C:\Users\aurel\Documents\GitHub\QUORIDOR\jeu.c(171,15): error C4996: 'strtok': This function or variable may be unsafe. Consider using strtok_s instead. To disable deprecation, use _CRT_SECURE_NO_WARNINGS. See online help for details.
C:\Users\aurel\Documents\GitHub\QUORIDOR\jeu.c(173,9): error C4996: 'fscanf': This function or variable may be unsafe. Consider using fscanf_s instead. To disable deprecation, use _CRT_SECURE_NO_WARNINGS. See online help for details.
C:\Users\aurel\Documents\GitHub\QUORIDOR\jeu.c(241,27): warning C4013: 'enregistrement' non défini(e) ; extern retournant int pris par défaut
C:\Users\aurel\Documents\GitHub\QUORIDOR\jeu.c(219,9): error C4996: 'scanf': This function or variable may be unsafe. Consider using scanf_s instead. To disable deprecation, use _CRT_SECURE_NO_WARNINGS. See online help for details.
C:\Users\aurel\Documents\GitHub\QUORIDOR\jeu.c(533,7): error C4996: 'fopen': This function or variable may be unsafe. Consider using fopen_s instead. To disable deprecation, use _CRT_SECURE_NO_WARNINGS. See online help for details.
C:\Users\aurel\Documents\GitHub\QUORIDOR\jeu.c(566,23): warning C4013: 'gotoligcol' non défini(e) ; extern retournant int pris par défaut
